<?xml version="1.0" encoding="UTF-8"?>
<testsuites name="Visual Testing Lesson 02" time="22.556" tests="1" failures="0" errors="0">
   <testsuite name="Visual Testing Lesson 02" tests="1" failures="0" errors="0" time="22.556" skipped="0" timestamp="2024-10-08 12:24:58" hostname="ravik - 10.0.0.58" id="Test Suites/Visual Testing Lesson 02">
      <properties>
         <property name="deviceName" value=""/>
         <property name="devicePlatform" value=""/>
         <property name="logFolder" value="C:\\Users\\ravik\\git\\GitKatalon-Integration\\Reports\\20241008_122450\\Visual Testing Lesson 02\\20241008_122450"/>
         <property name="logFiles" value="C:\\Users\\ravik\\git\\GitKatalon-Integration\\Reports\\20241008_122450\\Visual Testing Lesson 02\\20241008_122450\\execution0.log"/>
         <property name="attachments" value="keyes\keyes-Login_Page.png, keyes\keyes-Login_Page_Validation.png, keyes\keyes-Appointment_Page_Validation.png, keyes\keyes-Appointment_Confirmation_Validation.png"/>
         <property name="hostName" value="ravik - 10.0.0.58"/>
         <property name="os" value="Windows 10 64bit"/>
         <property name="katalonVersion" value="8.6.9.208"/>
         <property name="browser" value="Chrome 129.0.0.0"/>
         <property name="hostAddress" value="10.0.0.58"/>
         <property name="sessionId" value="3390e99dcb8d60449127a90ed7bd07cf"/>
         <property name="seleniumVersion" value="3.141.59"/>
         <property name="proxyInformation" value="ProxyInformation { proxyOption=NO_PROXY, proxyServerType=HTTP, username=, password=********, proxyServerAddress=, proxyServerPort=0, executionList=&quot;&quot;, isApplyToDesiredCapabilities=true }"/>
         <property name="platform" value="Windows 10"/>
      </properties>
      <testcase name="Test Cases/Visual Testing/Visual Testing - Lesson 02" time="21.8" classname="Test Cases/Visual Testing/Visual Testing - Lesson 02" status="PASSED">
         <system-out><![CDATA[2024-10-08 12:24:59 - [TEST_CASE][PASSED] - Test Cases/Visual Testing/Visual Testing - Lesson 02: Test Cases/Visual Testing/Visual Testing - Lesson 02

2024-10-08 12:25:00 - [TEST_STEP][PASSED] - openBrowser(""): Browser is opened with url: ''

2024-10-08 12:25:00 - [MESSAGE][INFO] - Starting 'Chrome' driver

2024-10-08 12:25:00 - [MESSAGE][INFO] - Action delay is set to 0 milliseconds

2024-10-08 12:25:05 - [MESSAGE][PASSED] - Browser is opened with url: ''

2024-10-08 12:25:05 - [TEST_STEP][PASSED] - navigateToUrl("https://katalon-demo-cura.herokuapp.com/"): Navigate to 'https://katalon-demo-cura.herokuapp.com/' successfully

2024-10-08 12:25:06 - [MESSAGE][PASSED] - Navigate to 'https://katalon-demo-cura.herokuapp.com/' successfully

2024-10-08 12:25:06 - [TEST_STEP][PASSED] - click(findTestObject("Object Repository/Visual Testing LS 2/Page_CURA Healthcare Service/a_Make Appointment")): Object: 'Object Repository/Visual Testing LS 2/Page_CURA Healthcare Service/a_Make Appointment' is clicked on

2024-10-08 12:25:07 - [MESSAGE][PASSED] - Object: 'Object Repository/Visual Testing LS 2/Page_CURA Healthcare Service/a_Make Appointment' is clicked on

2024-10-08 12:25:07 - [TEST_STEP][PASSED] - takeScreenshotAsCheckpoint("Login_Page"): Taking screenshot successfully

2024-10-08 12:25:07 - [MESSAGE][INFO] - 0 hidden object(s)

2024-10-08 12:25:08 - [MESSAGE][PASSED] - Taking screenshot successfully
[[ATTACHMENT|keyes\keyes-Login_Page.png]]

2024-10-08 12:25:08 - [TEST_STEP][PASSED] - setText(findTestObject("Object Repository/Visual Testing LS 2/Page_CURA Healthcare Service/input_Username_username"), "John Doe"): Text 'John Doe' is set on object 'Object Repository/Visual Testing LS 2/Page_CURA Healthcare Service/input_Username_username'

2024-10-08 12:25:09 - [MESSAGE][PASSED] - Text 'John Doe' is set on object 'Object Repository/Visual Testing LS 2/Page_CURA Healthcare Service/input_Username_username'

2024-10-08 12:25:09 - [TEST_STEP][PASSED] - setEncryptedText(findTestObject("Object Repository/Visual Testing LS 2/Page_CURA Healthcare Service/input_Password_password"), "g3/DOGG74jC3Flrr3yH+3D/yKbOqqUNM"): Text ****** has been set on object 'Object Repository/Visual Testing LS 2/Page_CURA Healthcare Service/input_Password_password'

2024-10-08 12:25:10 - [MESSAGE][PASSED] - Text ****** has been set on object 'Object Repository/Visual Testing LS 2/Page_CURA Healthcare Service/input_Password_password'

2024-10-08 12:25:10 - [TEST_STEP][PASSED] - takeScreenshotAsCheckpoint("Login_Page_Validation"): Taking screenshot successfully

2024-10-08 12:25:10 - [MESSAGE][INFO] - 0 hidden object(s)

2024-10-08 12:25:10 - [MESSAGE][PASSED] - Taking screenshot successfully
[[ATTACHMENT|keyes\keyes-Login_Page_Validation.png]]

2024-10-08 12:25:10 - [TEST_STEP][PASSED] - click(findTestObject("Object Repository/Visual Testing LS 2/Page_CURA Healthcare Service/button_Login")): Object: 'Object Repository/Visual Testing LS 2/Page_CURA Healthcare Service/button_Login' is clicked on

2024-10-08 12:25:11 - [MESSAGE][PASSED] - Object: 'Object Repository/Visual Testing LS 2/Page_CURA Healthcare Service/button_Login' is clicked on

2024-10-08 12:25:11 - [TEST_STEP][PASSED] - takeFullPageScreenshotAsCheckpoint("Appointment_Page_Validation"): Taking screenshot successfully

2024-10-08 12:25:12 - [MESSAGE][INFO] - 0 hidden object(s)

2024-10-08 12:25:13 - [MESSAGE][PASSED] - Taking screenshot successfully
[[ATTACHMENT|keyes\keyes-Appointment_Page_Validation.png]]

2024-10-08 12:25:13 - [TEST_STEP][PASSED] - click(findTestObject("Object Repository/Visual Testing LS 2/Page_CURA Healthcare Service/input_Medicaid_programs")): Object: 'Object Repository/Visual Testing LS 2/Page_CURA Healthcare Service/input_Medicaid_programs' is clicked on

2024-10-08 12:25:13 - [MESSAGE][PASSED] - Object: 'Object Repository/Visual Testing LS 2/Page_CURA Healthcare Service/input_Medicaid_programs' is clicked on

2024-10-08 12:25:13 - [TEST_STEP][PASSED] - click(findTestObject("Object Repository/Visual Testing LS 2/Page_CURA Healthcare Service/span_Visit Date (Required)_glyphicon glyphi_cada34")): Object: 'Object Repository/Visual Testing LS 2/Page_CURA Healthcare Service/span_Visit Date (Required)_glyphicon glyphi_cada34' is clicked on

2024-10-08 12:25:14 - [MESSAGE][PASSED] - Object: 'Object Repository/Visual Testing LS 2/Page_CURA Healthcare Service/span_Visit Date (Required)_glyphicon glyphi_cada34' is clicked on

2024-10-08 12:25:14 - [TEST_STEP][PASSED] - click(findTestObject("Object Repository/Visual Testing LS 2/Page_CURA Healthcare Service/td_30")): Object: 'Object Repository/Visual Testing LS 2/Page_CURA Healthcare Service/td_30' is clicked on

2024-10-08 12:25:14 - [MESSAGE][PASSED] - Object: 'Object Repository/Visual Testing LS 2/Page_CURA Healthcare Service/td_30' is clicked on

2024-10-08 12:25:14 - [TEST_STEP][PASSED] - setText(findTestObject("Object Repository/Visual Testing LS 2/Page_CURA Healthcare Service/textarea_Comment_comment"), "Appointment for Tokyo"): Text 'Appointment for Tokyo' is set on object 'Object Repository/Visual Testing LS 2/Page_CURA Healthcare Service/textarea_Comment_comment'

2024-10-08 12:25:15 - [MESSAGE][PASSED] - Text 'Appointment for Tokyo' is set on object 'Object Repository/Visual Testing LS 2/Page_CURA Healthcare Service/textarea_Comment_comment'

2024-10-08 12:25:15 - [TEST_STEP][PASSED] - click(findTestObject("Object Repository/Visual Testing LS 2/Page_CURA Healthcare Service/button_Book Appointment")): Object: 'Object Repository/Visual Testing LS 2/Page_CURA Healthcare Service/button_Book Appointment' is clicked on

2024-10-08 12:25:16 - [MESSAGE][PASSED] - Object: 'Object Repository/Visual Testing LS 2/Page_CURA Healthcare Service/button_Book Appointment' is clicked on

2024-10-08 12:25:16 - [TEST_STEP][PASSED] - takeFullPageScreenshotAsCheckpoint("Appointment_Confirmation_Validation"): Taking screenshot successfully

2024-10-08 12:25:18 - [MESSAGE][INFO] - 0 hidden object(s)

2024-10-08 12:25:19 - [MESSAGE][PASSED] - Taking screenshot successfully
[[ATTACHMENT|keyes\keyes-Appointment_Confirmation_Validation.png]]

2024-10-08 12:25:19 - [TEST_STEP][PASSED] - verifyElementPresent(findTestObject("Object Repository/Visual Testing LS 2/Page_CURA Healthcare Service/h2_Appointment Confirmation"), 0): Object 'Object Repository/Visual Testing LS 2/Page_CURA Healthcare Service/h2_Appointment Confirmation' is present

2024-10-08 12:25:19 - [MESSAGE][WARNING] - Timeout '0' is invalid. Using default page load timeout: '30'

2024-10-08 12:25:19 - [MESSAGE][PASSED] - Object 'Object Repository/Visual Testing LS 2/Page_CURA Healthcare Service/h2_Appointment Confirmation' is present

2024-10-08 12:25:19 - [TEST_STEP][PASSED] - closeBrowser(): Browser is closed

2024-10-08 12:25:20 - [MESSAGE][PASSED] - Browser is closed]]></system-out>
         <system-err><![CDATA[]]></system-err>
      </testcase>
      <system-out><![CDATA[2024-10-08 12:24:58 - [TEST_SUITE][PASSED] - Visual Testing Lesson 02: Test Cases/Visual Testing/Visual Testing - Lesson 02]]></system-out>
      <system-err><![CDATA[]]></system-err>
   </testsuite>
</testsuites>
