<?xml version="1.0" encoding="UTF-8"?>
<testsuites name="Synovus Visual Testing" time="82.148" tests="1" failures="0" errors="0">
   <testsuite name="Synovus Visual Testing" tests="1" failures="0" errors="0" time="82.148" skipped="0" timestamp="2024-10-09 19:52:27" hostname="ravik - 10.0.0.58" id="Test Suites/Synovus Visual Testing">
      <properties>
         <property name="deviceName" value=""/>
         <property name="devicePlatform" value=""/>
         <property name="logFolder" value="C:\\Users\\ravik\\git\\GitKatalon-Integration\\Reports\\20241009_195220\\Synovus Visual Testing\\20241009_195220"/>
         <property name="logFiles" value="C:\\Users\\ravik\\git\\GitKatalon-Integration\\Reports\\20241009_195220\\Synovus Visual Testing\\20241009_195220\\execution0.log"/>
         <property name="attachments" value="keyes\keyes-Synovus_Personal.png, keyes\keyes-Synovus_SmallBusiness.png, keyes\keyes-Synovus_CorporateCommercial.png, keyes\keyes-Synovus_Wealth.png, keyes\keyes-Synovus_AboutUs.png, keyes\keyes-Synovus_Personal_Bank_DebitCards.png, keyes\keyes-Synovus_Personal_Bank_Savings.png, keyes\keyes-Synovus_Personal_Bank_MMAAccounts.png, keyes\keyes-Synovus_Personal_Bank_CDs.png, keyes\keyes-Synovus_Personal_Bank_HealthSavings.png"/>
         <property name="hostName" value="ravik - 10.0.0.58"/>
         <property name="os" value="Windows 10 64bit"/>
         <property name="katalonVersion" value="8.6.9.208"/>
         <property name="browser" value="Chrome 129.0.0.0"/>
         <property name="hostAddress" value="10.0.0.58"/>
         <property name="sessionId" value="01003535b7e8ef946905127e61d9858e"/>
         <property name="seleniumVersion" value="3.141.59"/>
         <property name="proxyInformation" value="ProxyInformation { proxyOption=NO_PROXY, proxyServerType=HTTP, username=, password=********, proxyServerAddress=, proxyServerPort=0, executionList=&quot;&quot;, isApplyToDesiredCapabilities=true }"/>
         <property name="platform" value="Windows 10"/>
      </properties>
      <testcase name="Test Cases/Visual Testing/Synovus/Main Pages Content" time="81.479" classname="Test Cases/Visual Testing/Synovus/Main Pages Content" status="PASSED">
         <system-out><![CDATA[2024-10-09 19:52:28 - [TEST_CASE][PASSED] - Test Cases/Visual Testing/Synovus/Main Pages Content: Test Cases/Visual Testing/Synovus/Main Pages Content

2024-10-09 19:52:29 - [TEST_STEP][PASSED] - openBrowser(""): Browser is opened with url: ''

2024-10-09 19:52:30 - [MESSAGE][INFO] - Starting 'Chrome' driver

2024-10-09 19:52:30 - [MESSAGE][INFO] - Action delay is set to 0 milliseconds

2024-10-09 19:52:34 - [MESSAGE][PASSED] - Browser is opened with url: ''

2024-10-09 19:52:34 - [TEST_STEP][PASSED] - navigateToUrl("https://www.synovus.com/"): Navigate to 'https://www.synovus.com/' successfully

2024-10-09 19:52:39 - [MESSAGE][PASSED] - Navigate to 'https://www.synovus.com/' successfully

2024-10-09 19:52:39 - [TEST_STEP][PASSED] - waitForPageLoad(5): Wait for page load successfully

2024-10-09 19:52:39 - [MESSAGE][PASSED] - Wait for page load successfully

2024-10-09 19:52:39 - [TEST_STEP][PASSED] - maximizeWindow(): Current window maximized

2024-10-09 19:52:39 - [MESSAGE][PASSED] - Current window maximized

2024-10-09 19:52:39 - [TEST_STEP][PASSED] - click(findTestObject("Object Repository/Synovus Main Pages/Page_Welcome to Synovus - Synovus/a_Personal")): Object: 'Object Repository/Synovus Main Pages/Page_Welcome to Synovus - Synovus/a_Personal' is clicked on

2024-10-09 19:52:42 - [MESSAGE][PASSED] - Object: 'Object Repository/Synovus Main Pages/Page_Welcome to Synovus - Synovus/a_Personal' is clicked on

2024-10-09 19:52:42 - [TEST_STEP][PASSED] - waitForPageLoad(5): Wait for page load successfully

2024-10-09 19:52:43 - [MESSAGE][PASSED] - Wait for page load successfully

2024-10-09 19:52:43 - [TEST_STEP][PASSED] - takeFullPageScreenshotAsCheckpoint("Synovus_Personal"): Taking screenshot successfully

2024-10-09 19:52:47 - [MESSAGE][INFO] - 0 hidden object(s)

2024-10-09 19:52:49 - [MESSAGE][PASSED] - Taking screenshot successfully
[[ATTACHMENT|keyes\keyes-Synovus_Personal.png]]

2024-10-09 19:52:49 - [TEST_STEP][PASSED] - click(findTestObject("Object Repository/Synovus Main Pages/Page_Personal - Synovus/a_Small Business")): Object: 'Object Repository/Synovus Main Pages/Page_Personal - Synovus/a_Small Business' is clicked on

2024-10-09 19:52:54 - [MESSAGE][PASSED] - Object: 'Object Repository/Synovus Main Pages/Page_Personal - Synovus/a_Small Business' is clicked on

2024-10-09 19:52:54 - [TEST_STEP][PASSED] - waitForPageLoad(5): Wait for page load successfully

2024-10-09 19:52:54 - [MESSAGE][PASSED] - Wait for page load successfully

2024-10-09 19:52:54 - [TEST_STEP][PASSED] - takeFullPageScreenshotAsCheckpoint("Synovus_SmallBusiness"): Taking screenshot successfully

2024-10-09 19:52:57 - [MESSAGE][INFO] - 0 hidden object(s)

2024-10-09 19:52:58 - [MESSAGE][PASSED] - Taking screenshot successfully
[[ATTACHMENT|keyes\keyes-Synovus_SmallBusiness.png]]

2024-10-09 19:52:58 - [TEST_STEP][PASSED] - click(findTestObject("Object Repository/Synovus Main Pages/Page_Small Business - Synovus/a_Corporate  Commercial")): Object: 'Object Repository/Synovus Main Pages/Page_Small Business - Synovus/a_Corporate  Commercial' is clicked on

2024-10-09 19:53:01 - [MESSAGE][PASSED] - Object: 'Object Repository/Synovus Main Pages/Page_Small Business - Synovus/a_Corporate  Commercial' is clicked on

2024-10-09 19:53:01 - [TEST_STEP][PASSED] - waitForPageLoad(5): Wait for page load successfully

2024-10-09 19:53:01 - [MESSAGE][PASSED] - Wait for page load successfully

2024-10-09 19:53:01 - [TEST_STEP][PASSED] - takeFullPageScreenshotAsCheckpoint("Synovus_CorporateCommercial"): Taking screenshot successfully

2024-10-09 19:53:03 - [MESSAGE][INFO] - 0 hidden object(s)

2024-10-09 19:53:04 - [MESSAGE][PASSED] - Taking screenshot successfully
[[ATTACHMENT|keyes\keyes-Synovus_CorporateCommercial.png]]

2024-10-09 19:53:04 - [TEST_STEP][PASSED] - click(findTestObject("Object Repository/Synovus Main Pages/Page_Corporate  Commercial - Synovus/a_Wealth")): Object: 'Object Repository/Synovus Main Pages/Page_Corporate  Commercial - Synovus/a_Wealth' is clicked on

2024-10-09 19:53:07 - [MESSAGE][PASSED] - Object: 'Object Repository/Synovus Main Pages/Page_Corporate  Commercial - Synovus/a_Wealth' is clicked on

2024-10-09 19:53:07 - [TEST_STEP][PASSED] - waitForPageLoad(5): Wait for page load successfully

2024-10-09 19:53:07 - [MESSAGE][PASSED] - Wait for page load successfully

2024-10-09 19:53:07 - [TEST_STEP][PASSED] - takeFullPageScreenshotAsCheckpoint("Synovus_Wealth"): Taking screenshot successfully

2024-10-09 19:53:09 - [MESSAGE][INFO] - 0 hidden object(s)

2024-10-09 19:53:10 - [MESSAGE][PASSED] - Taking screenshot successfully
[[ATTACHMENT|keyes\keyes-Synovus_Wealth.png]]

2024-10-09 19:53:10 - [TEST_STEP][PASSED] - click(findTestObject("Object Repository/Synovus Main Pages/Page_Wealth Services - Synovus/a_About us")): Object: 'Object Repository/Synovus Main Pages/Page_Wealth Services - Synovus/a_About us' is clicked on

2024-10-09 19:53:13 - [MESSAGE][PASSED] - Object: 'Object Repository/Synovus Main Pages/Page_Wealth Services - Synovus/a_About us' is clicked on

2024-10-09 19:53:13 - [TEST_STEP][PASSED] - waitForPageLoad(5): Wait for page load successfully

2024-10-09 19:53:13 - [MESSAGE][PASSED] - Wait for page load successfully

2024-10-09 19:53:13 - [TEST_STEP][PASSED] - takeFullPageScreenshotAsCheckpoint("Synovus_AboutUs"): Taking screenshot successfully

2024-10-09 19:53:15 - [MESSAGE][INFO] - 0 hidden object(s)

2024-10-09 19:53:16 - [MESSAGE][PASSED] - Taking screenshot successfully
[[ATTACHMENT|keyes\keyes-Synovus_AboutUs.png]]

2024-10-09 19:53:16 - [TEST_STEP][PASSED] - mouseOver(findTestObject("Synovus Main Pages/Page_Welcome to Synovus - Synovus/a_Personal")): Object: 'Object Repository/Synovus Main Pages/Page_Welcome to Synovus - Synovus/a_Personal' is hovered

2024-10-09 19:53:16 - [MESSAGE][PASSED] - Object: 'Object Repository/Synovus Main Pages/Page_Welcome to Synovus - Synovus/a_Personal' is hovered

2024-10-09 19:53:16 - [TEST_STEP][PASSED] - click(findTestObject("Object Repository/Synovus Main Pages/Page_About Us - Synovus/a_Bank")): Object: 'Object Repository/Synovus Main Pages/Page_About Us - Synovus/a_Bank' is clicked on

2024-10-09 19:53:17 - [MESSAGE][PASSED] - Object: 'Object Repository/Synovus Main Pages/Page_About Us - Synovus/a_Bank' is clicked on

2024-10-09 19:53:17 - [TEST_STEP][PASSED] - click(findTestObject("Object Repository/Synovus Main Pages/Page_Personal Checking Accounts - Synovus/div_Personal Debit Cards")): Object: 'Object Repository/Synovus Main Pages/Page_Personal Checking Accounts - Synovus/div_Personal Debit Cards' is clicked on

2024-10-09 19:53:19 - [MESSAGE][PASSED] - Object: 'Object Repository/Synovus Main Pages/Page_Personal Checking Accounts - Synovus/div_Personal Debit Cards' is clicked on

2024-10-09 19:53:19 - [TEST_STEP][PASSED] - waitForPageLoad(5): Wait for page load successfully

2024-10-09 19:53:20 - [MESSAGE][PASSED] - Wait for page load successfully

2024-10-09 19:53:20 - [TEST_STEP][PASSED] - takeFullPageScreenshotAsCheckpoint("Synovus_Personal_Bank_DebitCards"): Taking screenshot successfully

2024-10-09 19:53:21 - [MESSAGE][INFO] - 0 hidden object(s)

2024-10-09 19:53:22 - [MESSAGE][PASSED] - Taking screenshot successfully
[[ATTACHMENT|keyes\keyes-Synovus_Personal_Bank_DebitCards.png]]

2024-10-09 19:53:22 - [TEST_STEP][PASSED] - mouseOver(findTestObject("Synovus Main Pages/Page_Welcome to Synovus - Synovus/a_Personal")): Object: 'Object Repository/Synovus Main Pages/Page_Welcome to Synovus - Synovus/a_Personal' is hovered

2024-10-09 19:53:23 - [MESSAGE][PASSED] - Object: 'Object Repository/Synovus Main Pages/Page_Welcome to Synovus - Synovus/a_Personal' is hovered

2024-10-09 19:53:23 - [TEST_STEP][PASSED] - click(findTestObject("Object Repository/Synovus Main Pages/Page_About Us - Synovus/a_Bank")): Object: 'Object Repository/Synovus Main Pages/Page_About Us - Synovus/a_Bank' is clicked on

2024-10-09 19:53:23 - [MESSAGE][PASSED] - Object: 'Object Repository/Synovus Main Pages/Page_About Us - Synovus/a_Bank' is clicked on

2024-10-09 19:53:23 - [TEST_STEP][PASSED] - click(findTestObject("Object Repository/Synovus Main Pages/Page_Personal Debit Cards from Synovus - Synovus/div_Savings")): Object: 'Object Repository/Synovus Main Pages/Page_Personal Debit Cards from Synovus - Synovus/div_Savings' is clicked on

2024-10-09 19:53:26 - [MESSAGE][PASSED] - Object: 'Object Repository/Synovus Main Pages/Page_Personal Debit Cards from Synovus - Synovus/div_Savings' is clicked on

2024-10-09 19:53:26 - [TEST_STEP][PASSED] - waitForPageLoad(5): Wait for page load successfully

2024-10-09 19:53:26 - [MESSAGE][PASSED] - Wait for page load successfully

2024-10-09 19:53:26 - [TEST_STEP][PASSED] - takeFullPageScreenshotAsCheckpoint("Synovus_Personal_Bank_Savings"): Taking screenshot successfully

2024-10-09 19:53:28 - [MESSAGE][INFO] - 0 hidden object(s)

2024-10-09 19:53:29 - [MESSAGE][PASSED] - Taking screenshot successfully
[[ATTACHMENT|keyes\keyes-Synovus_Personal_Bank_Savings.png]]

2024-10-09 19:53:29 - [TEST_STEP][PASSED] - mouseOver(findTestObject("Synovus Main Pages/Page_Welcome to Synovus - Synovus/a_Personal")): Object: 'Object Repository/Synovus Main Pages/Page_Welcome to Synovus - Synovus/a_Personal' is hovered

2024-10-09 19:53:30 - [MESSAGE][PASSED] - Object: 'Object Repository/Synovus Main Pages/Page_Welcome to Synovus - Synovus/a_Personal' is hovered

2024-10-09 19:53:30 - [TEST_STEP][PASSED] - click(findTestObject("Object Repository/Synovus Main Pages/Page_About Us - Synovus/a_Bank")): Object: 'Object Repository/Synovus Main Pages/Page_About Us - Synovus/a_Bank' is clicked on

2024-10-09 19:53:30 - [MESSAGE][PASSED] - Object: 'Object Repository/Synovus Main Pages/Page_About Us - Synovus/a_Bank' is clicked on

2024-10-09 19:53:30 - [TEST_STEP][PASSED] - click(findTestObject("Object Repository/Synovus Main Pages/Page_Compare your savings options - Synovus/div_Money Market Accounts")): Object: 'Object Repository/Synovus Main Pages/Page_Compare your savings options - Synovus/div_Money Market Accounts' is clicked on

2024-10-09 19:53:33 - [MESSAGE][PASSED] - Object: 'Object Repository/Synovus Main Pages/Page_Compare your savings options - Synovus/div_Money Market Accounts' is clicked on

2024-10-09 19:53:33 - [TEST_STEP][PASSED] - waitForPageLoad(5): Wait for page load successfully

2024-10-09 19:53:33 - [MESSAGE][PASSED] - Wait for page load successfully

2024-10-09 19:53:33 - [TEST_STEP][PASSED] - takeFullPageScreenshotAsCheckpoint("Synovus_Personal_Bank_MMAAccounts"): Taking screenshot successfully

2024-10-09 19:53:34 - [MESSAGE][INFO] - 0 hidden object(s)

2024-10-09 19:53:35 - [MESSAGE][PASSED] - Taking screenshot successfully
[[ATTACHMENT|keyes\keyes-Synovus_Personal_Bank_MMAAccounts.png]]

2024-10-09 19:53:35 - [TEST_STEP][PASSED] - mouseOver(findTestObject("Synovus Main Pages/Page_Welcome to Synovus - Synovus/a_Personal")): Object: 'Object Repository/Synovus Main Pages/Page_Welcome to Synovus - Synovus/a_Personal' is hovered

2024-10-09 19:53:36 - [MESSAGE][PASSED] - Object: 'Object Repository/Synovus Main Pages/Page_Welcome to Synovus - Synovus/a_Personal' is hovered

2024-10-09 19:53:36 - [TEST_STEP][PASSED] - click(findTestObject("Object Repository/Synovus Main Pages/Page_About Us - Synovus/a_Bank")): Object: 'Object Repository/Synovus Main Pages/Page_About Us - Synovus/a_Bank' is clicked on

2024-10-09 19:53:36 - [MESSAGE][PASSED] - Object: 'Object Repository/Synovus Main Pages/Page_About Us - Synovus/a_Bank' is clicked on

2024-10-09 19:53:36 - [TEST_STEP][PASSED] - click(findTestObject("Object Repository/Synovus Main Pages/Page_Personal Money Market Accounts - Synovus/div_Certificates of Deposit")): Object: 'Object Repository/Synovus Main Pages/Page_Personal Money Market Accounts - Synovus/div_Certificates of Deposit' is clicked on

2024-10-09 19:53:39 - [MESSAGE][PASSED] - Object: 'Object Repository/Synovus Main Pages/Page_Personal Money Market Accounts - Synovus/div_Certificates of Deposit' is clicked on

2024-10-09 19:53:39 - [TEST_STEP][PASSED] - waitForPageLoad(5): Wait for page load successfully

2024-10-09 19:53:39 - [MESSAGE][PASSED] - Wait for page load successfully

2024-10-09 19:53:39 - [TEST_STEP][PASSED] - takeFullPageScreenshotAsCheckpoint("Synovus_Personal_Bank_CDs"): Taking screenshot successfully

2024-10-09 19:53:41 - [MESSAGE][INFO] - 0 hidden object(s)

2024-10-09 19:53:42 - [MESSAGE][PASSED] - Taking screenshot successfully
[[ATTACHMENT|keyes\keyes-Synovus_Personal_Bank_CDs.png]]

2024-10-09 19:53:42 - [TEST_STEP][PASSED] - mouseOver(findTestObject("Synovus Main Pages/Page_Welcome to Synovus - Synovus/a_Personal")): Object: 'Object Repository/Synovus Main Pages/Page_Welcome to Synovus - Synovus/a_Personal' is hovered

2024-10-09 19:53:43 - [MESSAGE][PASSED] - Object: 'Object Repository/Synovus Main Pages/Page_Welcome to Synovus - Synovus/a_Personal' is hovered

2024-10-09 19:53:43 - [TEST_STEP][PASSED] - click(findTestObject("Object Repository/Synovus Main Pages/Page_About Us - Synovus/a_Bank")): Object: 'Object Repository/Synovus Main Pages/Page_About Us - Synovus/a_Bank' is clicked on

2024-10-09 19:53:43 - [MESSAGE][PASSED] - Object: 'Object Repository/Synovus Main Pages/Page_About Us - Synovus/a_Bank' is clicked on

2024-10-09 19:53:43 - [TEST_STEP][PASSED] - click(findTestObject("Object Repository/Synovus Main Pages/Page_Personal CDs - Synovus/div_Health Savings Account")): Object: 'Object Repository/Synovus Main Pages/Page_Personal CDs - Synovus/div_Health Savings Account' is clicked on

2024-10-09 19:53:46 - [MESSAGE][PASSED] - Object: 'Object Repository/Synovus Main Pages/Page_Personal CDs - Synovus/div_Health Savings Account' is clicked on

2024-10-09 19:53:46 - [TEST_STEP][PASSED] - waitForPageLoad(5): Wait for page load successfully

2024-10-09 19:53:46 - [MESSAGE][PASSED] - Wait for page load successfully

2024-10-09 19:53:46 - [TEST_STEP][PASSED] - takeFullPageScreenshotAsCheckpoint("Synovus_Personal_Bank_HealthSavings"): Taking screenshot successfully

2024-10-09 19:53:48 - [MESSAGE][INFO] - 0 hidden object(s)

2024-10-09 19:53:49 - [MESSAGE][PASSED] - Taking screenshot successfully
[[ATTACHMENT|keyes\keyes-Synovus_Personal_Bank_HealthSavings.png]]

2024-10-09 19:53:49 - [TEST_STEP][PASSED] - closeBrowser(): Browser is closed

2024-10-09 19:53:50 - [MESSAGE][PASSED] - Browser is closed]]></system-out>
         <system-err><![CDATA[]]></system-err>
      </testcase>
      <system-out><![CDATA[2024-10-09 19:52:27 - [TEST_SUITE][PASSED] - Synovus Visual Testing: Test Cases/Visual Testing/Synovus/Main Pages Content]]></system-out>
      <system-err><![CDATA[]]></system-err>
   </testsuite>
</testsuites>
