<?xml version="1.0" encoding="UTF-8"?>
<testsuites name="Visual Testing Suite" time="19.66" tests="1" failures="0" errors="0">
   <testsuite name="Visual Testing Suite" tests="1" failures="0" errors="0" time="19.66" skipped="0" timestamp="2024-10-07 18:15:06" hostname="ravik - 10.0.0.58" id="Test Suites/Visual Testing Suite">
      <properties>
         <property name="deviceName" value=""/>
         <property name="devicePlatform" value=""/>
         <property name="logFolder" value="C:\\Users\\ravik\\git\\GitKatalon-Integration\\Reports\\20241007_181458\\Visual Testing Suite\\20241007_181458"/>
         <property name="logFiles" value="C:\\Users\\ravik\\git\\GitKatalon-Integration\\Reports\\20241007_181458\\Visual Testing Suite\\20241007_181458\\execution0.log"/>
         <property name="attachments" value="keyes\keyes-login page.png, keyes\keyes-login_page_validation.png, keyes\keyes-appointment page.png, keyes\keyes-Confirmation_Page_VisualTest.png"/>
         <property name="hostName" value="ravik - 10.0.0.58"/>
         <property name="os" value="Windows 10 64bit"/>
         <property name="katalonVersion" value="8.6.9.208"/>
         <property name="browser" value="Chrome 129.0.0.0"/>
         <property name="hostAddress" value="10.0.0.58"/>
         <property name="sessionId" value="9c4ce7791bacbedacd69fe8f3665bc29"/>
         <property name="seleniumVersion" value="3.141.59"/>
         <property name="proxyInformation" value="ProxyInformation { proxyOption=NO_PROXY, proxyServerType=HTTP, username=, password=********, proxyServerAddress=, proxyServerPort=0, executionList=&quot;&quot;, isApplyToDesiredCapabilities=true }"/>
         <property name="platform" value="Windows 10"/>
      </properties>
      <testcase name="Test Cases/Visual Testing/Visual Testing Validation" time="18.926" classname="Test Cases/Visual Testing/Visual Testing Validation" status="PASSED">
         <system-out><![CDATA[2024-10-07 18:15:07 - [TEST_CASE][PASSED] - Test Cases/Visual Testing/Visual Testing Validation: Test Cases/Visual Testing/Visual Testing Validation

2024-10-07 18:15:08 - [TEST_STEP][PASSED] - openBrowser(""): Browser is opened with url: ''

2024-10-07 18:15:09 - [MESSAGE][INFO] - Starting 'Chrome' driver

2024-10-07 18:15:09 - [MESSAGE][INFO] - Action delay is set to 0 milliseconds

2024-10-07 18:15:13 - [MESSAGE][PASSED] - Browser is opened with url: ''

2024-10-07 18:15:13 - [TEST_STEP][PASSED] - navigateToUrl("https://katalon-demo-cura.herokuapp.com/"): Navigate to 'https://katalon-demo-cura.herokuapp.com/' successfully

2024-10-07 18:15:14 - [MESSAGE][PASSED] - Navigate to 'https://katalon-demo-cura.herokuapp.com/' successfully

2024-10-07 18:15:14 - [TEST_STEP][PASSED] - takeScreenshotAsCheckpoint("login page"): Taking screenshot successfully

2024-10-07 18:15:15 - [MESSAGE][INFO] - 0 hidden object(s)

2024-10-07 18:15:15 - [MESSAGE][PASSED] - Taking screenshot successfully
[[ATTACHMENT|keyes\keyes-login page.png]]

2024-10-07 18:15:15 - [TEST_STEP][PASSED] - click(findTestObject("Object Repository/Visual Testing/Page_CURA Healthcare Service/a_Make Appointment")): Object: 'Object Repository/Visual Testing/Page_CURA Healthcare Service/a_Make Appointment' is clicked on

2024-10-07 18:15:16 - [MESSAGE][PASSED] - Object: 'Object Repository/Visual Testing/Page_CURA Healthcare Service/a_Make Appointment' is clicked on

2024-10-07 18:15:16 - [TEST_STEP][PASSED] - setText(findTestObject("Object Repository/Visual Testing/Page_CURA Healthcare Service/input_Username_username"), "John Doe"): Text 'John Doe' is set on object 'Object Repository/Visual Testing/Page_CURA Healthcare Service/input_Username_username'

2024-10-07 18:15:17 - [MESSAGE][PASSED] - Text 'John Doe' is set on object 'Object Repository/Visual Testing/Page_CURA Healthcare Service/input_Username_username'

2024-10-07 18:15:17 - [TEST_STEP][PASSED] - setEncryptedText(findTestObject("Object Repository/Visual Testing/Page_CURA Healthcare Service/input_Password_password"), "g3/DOGG74jC3Flrr3yH+3D/yKbOqqUNM"): Text ****** has been set on object 'Object Repository/Visual Testing/Page_CURA Healthcare Service/input_Password_password'

2024-10-07 18:15:18 - [MESSAGE][PASSED] - Text ****** has been set on object 'Object Repository/Visual Testing/Page_CURA Healthcare Service/input_Password_password'

2024-10-07 18:15:18 - [TEST_STEP][PASSED] - takeScreenshotAsCheckpoint("login_page_validation"): Taking screenshot successfully

2024-10-07 18:15:18 - [MESSAGE][INFO] - 0 hidden object(s)

2024-10-07 18:15:18 - [MESSAGE][PASSED] - Taking screenshot successfully
[[ATTACHMENT|keyes\keyes-login_page_validation.png]]

2024-10-07 18:15:18 - [TEST_STEP][PASSED] - click(findTestObject("Object Repository/Visual Testing/Page_CURA Healthcare Service/button_Login")): Object: 'Object Repository/Visual Testing/Page_CURA Healthcare Service/button_Login' is clicked on

2024-10-07 18:15:19 - [MESSAGE][PASSED] - Object: 'Object Repository/Visual Testing/Page_CURA Healthcare Service/button_Login' is clicked on

2024-10-07 18:15:19 - [TEST_STEP][PASSED] - takeScreenshotAsCheckpoint("appointment page"): Taking screenshot successfully

2024-10-07 18:15:19 - [MESSAGE][INFO] - 0 hidden object(s)

2024-10-07 18:15:19 - [MESSAGE][PASSED] - Taking screenshot successfully
[[ATTACHMENT|keyes\keyes-appointment page.png]]

2024-10-07 18:15:19 - [TEST_STEP][PASSED] - click(findTestObject("Object Repository/Visual Testing/Page_CURA Healthcare Service/input_Medicaid_programs")): Object: 'Object Repository/Visual Testing/Page_CURA Healthcare Service/input_Medicaid_programs' is clicked on

2024-10-07 18:15:20 - [MESSAGE][PASSED] - Object: 'Object Repository/Visual Testing/Page_CURA Healthcare Service/input_Medicaid_programs' is clicked on

2024-10-07 18:15:20 - [TEST_STEP][PASSED] - click(findTestObject("Object Repository/Visual Testing/Page_CURA Healthcare Service/div_Visit Date (Required)_input-group-addon")): Object: 'Object Repository/Visual Testing/Page_CURA Healthcare Service/div_Visit Date (Required)_input-group-addon' is clicked on

2024-10-07 18:15:20 - [MESSAGE][PASSED] - Object: 'Object Repository/Visual Testing/Page_CURA Healthcare Service/div_Visit Date (Required)_input-group-addon' is clicked on

2024-10-07 18:15:20 - [TEST_STEP][PASSED] - click(findTestObject("Object Repository/Visual Testing/Page_CURA Healthcare Service/td_30")): Object: 'Object Repository/Visual Testing/Page_CURA Healthcare Service/td_30' is clicked on

2024-10-07 18:15:21 - [MESSAGE][PASSED] - Object: 'Object Repository/Visual Testing/Page_CURA Healthcare Service/td_30' is clicked on

2024-10-07 18:15:21 - [TEST_STEP][PASSED] - setText(findTestObject("Object Repository/Visual Testing/Page_CURA Healthcare Service/textarea_Comment_comment"), "Testing"): Text 'Testing' is set on object 'Object Repository/Visual Testing/Page_CURA Healthcare Service/textarea_Comment_comment'

2024-10-07 18:15:22 - [MESSAGE][PASSED] - Text 'Testing' is set on object 'Object Repository/Visual Testing/Page_CURA Healthcare Service/textarea_Comment_comment'

2024-10-07 18:15:22 - [TEST_STEP][PASSED] - click(findTestObject("Object Repository/Visual Testing/Page_CURA Healthcare Service/button_Book Appointment")): Object: 'Object Repository/Visual Testing/Page_CURA Healthcare Service/button_Book Appointment' is clicked on

2024-10-07 18:15:23 - [MESSAGE][PASSED] - Object: 'Object Repository/Visual Testing/Page_CURA Healthcare Service/button_Book Appointment' is clicked on

2024-10-07 18:15:23 - [TEST_STEP][PASSED] - takeFullPageScreenshotAsCheckpoint("Confirmation_Page_VisualTest"): Taking screenshot successfully

2024-10-07 18:15:24 - [MESSAGE][INFO] - 0 hidden object(s)

2024-10-07 18:15:25 - [MESSAGE][PASSED] - Taking screenshot successfully
[[ATTACHMENT|keyes\keyes-Confirmation_Page_VisualTest.png]]

2024-10-07 18:15:25 - [TEST_STEP][PASSED] - closeBrowser(): Browser is closed

2024-10-07 18:15:26 - [MESSAGE][PASSED] - Browser is closed]]></system-out>
         <system-err><![CDATA[]]></system-err>
      </testcase>
      <system-out><![CDATA[2024-10-07 18:15:06 - [TEST_SUITE][PASSED] - Visual Testing Suite: Test Cases/Visual Testing/Visual Testing Validation]]></system-out>
      <system-err><![CDATA[]]></system-err>
   </testsuite>
</testsuites>
